Using pre-set license
Built from '2020.3/staging' branch; Version is '2020.3.32f1 (12f8b0834f07) revision 1243312'; Using compiler version '192528614'; Build Type 'Release'
OS: 'Windows 10  (10.0.19044) 64bit Core' Language: 'ko' Physical Memory: 32702 MB
BatchMode: 1, IsHumanControllingUs: 0, StartBugReporterOnCrash: 0, Is64bit: 1, IsPro: 0

COMMAND LINE ARGUMENTS:
C:\Program Files\Unity\Hub\Editor\2020.3.32f1\Editor\Unity.exe
-adb2
-batchMode
-noUpm
-name
AssetImportWorker0
-projectPath
C:/Users/sju42/Documents/GitHub/LevelEditorForMadoDX12/LevelEditorForMadoDX12
-logFile
Logs/AssetImportWorker0.log
-srvPort
57627
Successfully changed project path to: C:/Users/sju42/Documents/GitHub/LevelEditorForMadoDX12/LevelEditorForMadoDX12
C:/Users/sju42/Documents/GitHub/LevelEditorForMadoDX12/LevelEditorForMadoDX12
Using Asset Import Pipeline V2.
Refreshing native plugins compatible for Editor in 28.11 ms, found 2 plugins.
Preloading 0 native plugins for Editor in 0.00 ms.
Initialize engine version: 2020.3.32f1 (12f8b0834f07)
[Subsystems] Discovering subsystems at path C:/Program Files/Unity/Hub/Editor/2020.3.32f1/Editor/Data/Resources/UnitySubsystems
[Subsystems] Discovering subsystems at path C:/Users/sju42/Documents/GitHub/LevelEditorForMadoDX12/LevelEditorForMadoDX12/Assets
GfxDevice: creating device client; threaded=0
Direct3D:
    Version:  Direct3D 11.0 [level 11.1]
    Renderer: NVIDIA GeForce RTX 3070 (ID=0x2484)
    Vendor:   
    VRAM:     8043 MB
    Driver:   30.0.15.1123
Initialize mono
Mono path[0] = 'C:/Program Files/Unity/Hub/Editor/2020.3.32f1/Editor/Data/Managed'
Mono path[1] = 'C:/Program Files/Unity/Hub/Editor/2020.3.32f1/Editor/Data/MonoBleedingEdge/lib/mono/unityjit'
Mono config path = 'C:/Program Files/Unity/Hub/Editor/2020.3.32f1/Editor/Data/MonoBleedingEdge/etc'
Using monoOptions --debugger-agent=transport=dt_socket,embedding=1,server=y,suspend=n,address=127.0.0.1:56620
Begin MonoManager ReloadAssembly
Registering precompiled unity dll's ...
Register platform support module: C:/Program Files/Unity/Hub/Editor/2020.3.32f1/Editor/Data/PlaybackEngines/WebGLSupport/UnityEditor.WebGL.Extensions.dll
Register platform support module: C:/Program Files/Unity/Hub/Editor/2020.3.32f1/Editor/Data/PlaybackEngines/WindowsStandaloneSupport/UnityEditor.WindowsStandalone.Extensions.dll
Registered in 0.002618 seconds.
Native extension for WindowsStandalone target not found
Native extension for WebGL target not found
Refreshing native plugins compatible for Editor in 29.20 ms, found 2 plugins.
Preloading 0 native plugins for Editor in 0.00 ms.
Mono: successfully reloaded assembly
- Completed reload, in  0.499 seconds
Domain Reload Profiling:
	ReloadAssembly (499ms)
		BeginReloadAssembly (60ms)
			ExecutionOrderSort (0ms)
			DisableScriptedObjects (0ms)
			BackupInstance (0ms)
			ReleaseScriptingObjects (0ms)
			CreateAndSetChildDomain (1ms)
		EndReloadAssembly (375ms)
			LoadAssemblies (58ms)
			RebuildTransferFunctionScriptingTraits (0ms)
			SetupTypeCache (121ms)
			ReleaseScriptCaches (0ms)
			RebuildScriptCaches (35ms)
			SetupLoadedEditorAssemblies (140ms)
				LogAssemblyErrors (0ms)
				InitializePlatformSupportModulesInManaged (5ms)
				SetLoadedEditorAssemblies (0ms)
				RefreshPlugins (29ms)
				BeforeProcessingInitializeOnLoad (13ms)
				ProcessInitializeOnLoadAttributes (69ms)
				ProcessInitializeOnLoadMethodAttributes (23ms)
				AfterProcessingInitializeOnLoad (0ms)
				EditorAssembliesLoaded (0ms)
			ExecutionOrderSort2 (0ms)
			AwakeInstancesAfterBackupRestoration (0ms)
Platform modules already initialized, skipping
Registering precompiled user dll's ...
Registered in 0.002578 seconds.
Begin MonoManager ReloadAssembly
Native extension for WindowsStandalone target not found
Native extension for WebGL target not found
Refreshing native plugins compatible for Editor in 0.35 ms, found 2 plugins.
Preloading 0 native plugins for Editor in 0.00 ms.
Mono: successfully reloaded assembly
- Completed reload, in  0.842 seconds
Domain Reload Profiling:
	ReloadAssembly (842ms)
		BeginReloadAssembly (131ms)
			ExecutionOrderSort (0ms)
			DisableScriptedObjects (4ms)
			BackupInstance (0ms)
			ReleaseScriptingObjects (0ms)
			CreateAndSetChildDomain (19ms)
		EndReloadAssembly (658ms)
			LoadAssemblies (79ms)
			RebuildTransferFunctionScriptingTraits (0ms)
			SetupTypeCache (214ms)
			ReleaseScriptCaches (0ms)
			RebuildScriptCaches (44ms)
			SetupLoadedEditorAssemblies (256ms)
				LogAssemblyErrors (0ms)
				InitializePlatformSupportModulesInManaged (5ms)
				SetLoadedEditorAssemblies (0ms)
				RefreshPlugins (0ms)
				BeforeProcessingInitializeOnLoad (68ms)
				ProcessInitializeOnLoadAttributes (168ms)
				ProcessInitializeOnLoadMethodAttributes (7ms)
				AfterProcessingInitializeOnLoad (6ms)
				EditorAssembliesLoaded (0ms)
			ExecutionOrderSort2 (0ms)
			AwakeInstancesAfterBackupRestoration (5ms)
Platform modules already initialized, skipping
========================================================================
Worker process is ready to serve import requests
Launched and connected shader compiler UnityShaderCompiler.exe after 0.04 seconds
Refreshing native plugins compatible for Editor in 0.33 ms, found 2 plugins.
Preloading 0 native plugins for Editor in 0.00 ms.
Unloading 1507 Unused Serialized files (Serialized files now loaded: 0)
System memory in use before: 69.5 MB.
System memory in use after: 69.6 MB.

Unloading 16 unused Assets to reduce memory usage. Loaded Objects now: 1944.
Total: 2.512400 ms (FindLiveObjects: 0.129600 ms CreateObjectMapping: 0.032600 ms MarkObjects: 2.283300 ms  DeleteObjects: 0.066100 ms)

AssetImportParameters requested are different than current active one (requested -> active):
  custom:framework-win-MediaFoundation: 216162199b28c13a410421893ffa2e32 -> 
  custom:video-decoder-ogg-theora: a1e56fd34408186e4bbccfd4996cb3dc -> 
  custom:container-muxer-webm: aa71ff27fc2769a1b78a27578f13a17b -> 
  custom:container-demuxer-webm: 4f35f7cbe854078d1ac9338744f61a02 -> 
  custom:container-demuxer-ogg: 62fdf1f143b41e24485cea50d1cbac27 -> 
  custom:video-encoder-webm-vp8: eb34c28f22e8b96e1ab97ce403110664 -> 
  custom:video-decoder-webm-vp8: 9c59270c3fd7afecdb556c50c9e8de78 -> 
  custom:audio-decoder-ogg-vorbis: bf7c407c2cedff20999df2af8eb42d56 -> 
  custom:audio-encoder-webm-vorbis: bf7c407c2cedff20999df2af8eb42d56 -> 
========================================================================
Received Import Request.
  path: Assets/Materials/New Material.mat
  artifactKey: Guid(266291eb06f20f6468c486d61dfb976b) Importer(815301076,1909f56bfc062723c751e8b465ee728b)
Start importing Assets/Materials/New Material.mat using Guid(266291eb06f20f6468c486d61dfb976b) Importer(815301076,1909f56bfc062723c751e8b465ee728b)  -> (artifact id: 'b6f9c92fe95f80b39d3b8154d8f97ae6') in 0.100029 seconds 
========================================================================
Received Import Request.
  Time since last request: 248.335498 seconds.
  path: Assets/Materials/New Material.mat
  artifactKey: Guid(266291eb06f20f6468c486d61dfb976b) Importer(815301076,1909f56bfc062723c751e8b465ee728b)
Start importing Assets/Materials/New Material.mat using Guid(266291eb06f20f6468c486d61dfb976b) Importer(815301076,1909f56bfc062723c751e8b465ee728b)  -> (artifact id: '8a1d455c0e028b7539d2c2d61752bb12') in 0.029683 seconds 
========================================================================
Received Import Request.
  Time since last request: 14.320904 seconds.
  path: Assets/FBX/tutorialHouse_ceiling.FBX
  artifactKey: Guid(2e80540270e85e845a95684b350ffc17) Importer(815301076,1909f56bfc062723c751e8b465ee728b)
Start importing Assets/FBX/tutorialHouse_ceiling.FBX using Guid(2e80540270e85e845a95684b350ffc17) Importer(815301076,1909f56bfc062723c751e8b465ee728b)  -> (artifact id: 'e0bee8f777e59575f07c56fef15ac85d') in 0.094036 seconds 
========================================================================
Received Import Request.
  Time since last request: 6.314153 seconds.
  path: Assets/FBX/tutorialHouse_ceiling.FBX
  artifactKey: Guid(2e80540270e85e845a95684b350ffc17) Importer(815301076,1909f56bfc062723c751e8b465ee728b)
Start importing Assets/FBX/tutorialHouse_ceiling.FBX using Guid(2e80540270e85e845a95684b350ffc17) Importer(815301076,1909f56bfc062723c751e8b465ee728b)  -> (artifact id: 'c6e6c8b74e7ab74e94d576eefc5f7c00') in 0.014441 seconds 
========================================================================
Received Import Request.
  Time since last request: 6.909334 seconds.
  path: Assets/FBX/tutorialHouse_doorFrame.FBX
  artifactKey: Guid(7bfd180bb1ad2064f8d41a3e9bd4ae26) Importer(815301076,1909f56bfc062723c751e8b465ee728b)
Start importing Assets/FBX/tutorialHouse_doorFrame.FBX using Guid(7bfd180bb1ad2064f8d41a3e9bd4ae26) Importer(815301076,1909f56bfc062723c751e8b465ee728b)  -> (artifact id: 'a84ed1d2fc27fca9a06d98c113a8d6c0') in 0.026243 seconds 
========================================================================
Received Import Request.
  Time since last request: 3.704613 seconds.
  path: Assets/FBX/tutorialHouse_fence.FBX
  artifactKey: Guid(8f11fe1779d2b104ba1b4ce1fd11cce0) Importer(815301076,1909f56bfc062723c751e8b465ee728b)
Start importing Assets/FBX/tutorialHouse_fence.FBX using Guid(8f11fe1779d2b104ba1b4ce1fd11cce0) Importer(815301076,1909f56bfc062723c751e8b465ee728b)  -> (artifact id: '5657a3a9f2d31e3e12083b3b3cec9ae3') in 0.028727 seconds 
========================================================================
Received Import Request.
  Time since last request: 3.490216 seconds.
  path: Assets/FBX/tutorialHouse_floor.FBX
  artifactKey: Guid(6f258edd0a67d164cb9e3ba164b7a854) Importer(815301076,1909f56bfc062723c751e8b465ee728b)
Start importing Assets/FBX/tutorialHouse_floor.FBX using Guid(6f258edd0a67d164cb9e3ba164b7a854) Importer(815301076,1909f56bfc062723c751e8b465ee728b)  -> (artifact id: 'ba871d51f2728253a4b526bad12fa338') in 0.020976 seconds 
========================================================================
Received Import Request.
  Time since last request: 3.272050 seconds.
  path: Assets/FBX/tutorialHouse_outerFloor.FBX
  artifactKey: Guid(9e3aacef7aec47f4d83162159c6de8a1) Importer(815301076,1909f56bfc062723c751e8b465ee728b)
Start importing Assets/FBX/tutorialHouse_outerFloor.FBX using Guid(9e3aacef7aec47f4d83162159c6de8a1) Importer(815301076,1909f56bfc062723c751e8b465ee728b)  -> (artifact id: '095cf7020e841568cd587138974d5308') in 0.017694 seconds 
========================================================================
Received Import Request.
  Time since last request: 5.120527 seconds.
  path: Assets/FBX/tutorialHouse_outerWall.FBX
  artifactKey: Guid(592d09459139b9e42b64068267916101) Importer(815301076,1909f56bfc062723c751e8b465ee728b)
Start importing Assets/FBX/tutorialHouse_outerWall.FBX using Guid(592d09459139b9e42b64068267916101) Importer(815301076,1909f56bfc062723c751e8b465ee728b)  -> (artifact id: 'f592ca0e1bbdfeae5999d709e3787f28') in 0.033037 seconds 
========================================================================
Received Import Request.
  Time since last request: 3.840781 seconds.
  path: Assets/FBX/tutorialHouse_wall.FBX
  artifactKey: Guid(5ca368f72e61f6e47a286f5203e4ec90) Importer(815301076,1909f56bfc062723c751e8b465ee728b)
Start importing Assets/FBX/tutorialHouse_wall.FBX using Guid(5ca368f72e61f6e47a286f5203e4ec90) Importer(815301076,1909f56bfc062723c751e8b465ee728b)  -> (artifact id: 'da4e0250d6c9d0a593ac8c2e38c3980e') in 0.014650 seconds 
========================================================================
Received Import Request.
  Time since last request: 24.724343 seconds.
  path: Assets/FBX/Materials
  artifactKey: Guid(fd5c26b116e13e94eb02288122775de1) Importer(815301076,1909f56bfc062723c751e8b465ee728b)
Start importing Assets/FBX/Materials using Guid(fd5c26b116e13e94eb02288122775de1) Importer(815301076,1909f56bfc062723c751e8b465ee728b)  -> (artifact id: '43f11861474ff9a215bf73001c6e1709') in 0.008022 seconds 
========================================================================
Received Import Request.
  Time since last request: 1.421060 seconds.
  path: Assets/FBX/Materials/Concrete_Door_1024_albedo.mat
  artifactKey: Guid(f15927592b02243429ea29c50b2bbd36) Importer(815301076,1909f56bfc062723c751e8b465ee728b)
Start importing Assets/FBX/Materials/Concrete_Door_1024_albedo.mat using Guid(f15927592b02243429ea29c50b2bbd36) Importer(815301076,1909f56bfc062723c751e8b465ee728b)  -> (artifact id: '68cfa9ded9ec3f595395133803f750b4') in 0.012795 seconds 
========================================================================
Received Import Request.
  Time since last request: 0.000142 seconds.
  path: Assets/FBX/Materials/TexturesCom_Plaster_Rough_1K_albedo.mat
  artifactKey: Guid(460bdfede628039478c7879685c5cdbf) Importer(815301076,1909f56bfc062723c751e8b465ee728b)
Start importing Assets/FBX/Materials/TexturesCom_Plaster_Rough_1K_albedo.mat using Guid(460bdfede628039478c7879685c5cdbf) Importer(815301076,1909f56bfc062723c751e8b465ee728b)  -> (artifact id: '38a75e240c80c4248244cf68261836ce') in 0.015813 seconds 
========================================================================
Received Import Request.
  Time since last request: 0.000142 seconds.
  path: Assets/FBX/Materials/TexturesCom_Concrete_Plates3_1K_albedo.mat
  artifactKey: Guid(4218349f3971a2a4686da557f9c04b65) Importer(815301076,1909f56bfc062723c751e8b465ee728b)
Start importing Assets/FBX/Materials/TexturesCom_Concrete_Plates3_1K_albedo.mat using Guid(4218349f3971a2a4686da557f9c04b65) Importer(815301076,1909f56bfc062723c751e8b465ee728b)  -> (artifact id: 'a2991d45983a3a50482fd020a35a80bd') in 0.021507 seconds 
========================================================================
Received Import Request.
  Time since last request: 0.000133 seconds.
  path: Assets/FBX/Materials/Wooden_fence_albedo.mat
  artifactKey: Guid(40b47def508b7e64e918fe9fd70767f3) Importer(815301076,1909f56bfc062723c751e8b465ee728b)
Start importing Assets/FBX/Materials/Wooden_fence_albedo.mat using Guid(40b47def508b7e64e918fe9fd70767f3) Importer(815301076,1909f56bfc062723c751e8b465ee728b)  -> (artifact id: 'ac47b5c6805415962d7406ab43e90375') in 0.024234 seconds 
========================================================================
Received Import Request.
  Time since last request: 0.000141 seconds.
  path: Assets/FBX/Materials/TexturesCom_Concrete_WallCast_512_albedo.mat
  artifactKey: Guid(fac8017ff5d51a14dac1d26ade146a82) Importer(815301076,1909f56bfc062723c751e8b465ee728b)
Start importing Assets/FBX/Materials/TexturesCom_Concrete_WallCast_512_albedo.mat using Guid(fac8017ff5d51a14dac1d26ade146a82) Importer(815301076,1909f56bfc062723c751e8b465ee728b)  -> (artifact id: '52128b0522778567486fc6e3f9d034fc') in 0.016037 seconds 
========================================================================
Received Import Request.
  Time since last request: 0.000137 seconds.
  path: Assets/FBX/Materials/TexturesCom_Pavement_ConcreteWeave_512_albedo.mat
  artifactKey: Guid(d9a78938f9ecd3e47a1c8b1db8f36f06) Importer(815301076,1909f56bfc062723c751e8b465ee728b)
Start importing Assets/FBX/Materials/TexturesCom_Pavement_ConcreteWeave_512_albedo.mat using Guid(d9a78938f9ecd3e47a1c8b1db8f36f06) Importer(815301076,1909f56bfc062723c751e8b465ee728b)  -> (artifact id: 'a8de8f1d384073134e77a156391c77b1') in 0.018128 seconds 
========================================================================
Received Import Request.
  Time since last request: 0.000159 seconds.
  path: Assets/FBX/Materials/TexturesCom_Fabric_Cotton_1K_roughness.mat
  artifactKey: Guid(6a34c7bbd9f99ee4dbf802d5a5d47ee1) Importer(815301076,1909f56bfc062723c751e8b465ee728b)
Start importing Assets/FBX/Materials/TexturesCom_Fabric_Cotton_1K_roughness.mat using Guid(6a34c7bbd9f99ee4dbf802d5a5d47ee1) Importer(815301076,1909f56bfc062723c751e8b465ee728b)  -> (artifact id: '5f33cf0bd361bf067b66ea07d9d2ae52') in 0.012981 seconds 
========================================================================
Received Import Request.
  Time since last request: 6.355875 seconds.
  path: Assets/FBX/tutorialHouse_ceiling.fbm
  artifactKey: Guid(23ccbbb4348a20046987f8979b5cf36e) Importer(815301076,1909f56bfc062723c751e8b465ee728b)
Start importing Assets/FBX/tutorialHouse_ceiling.fbm using Guid(23ccbbb4348a20046987f8979b5cf36e) Importer(815301076,1909f56bfc062723c751e8b465ee728b)  -> (artifact id: '87a968c18d9afb17fdac95f9fdec9452') in 0.005419 seconds 
AssetImportWorkerClient::OnTransportError - code=2 error=End of file
